<?xml version="1.0" encoding="UTF-8"?>
<!-- Generated by org.testng.reporters.JUnitReportReporter -->
<testsuite skipped="0" hostname="Radhey" name="com.kirannn.Test1" tests="1" failures="0" timestamp="06 Jun 2023 07:26:18 GMT" time="0.001" errors="0">
  <testcase name="Test" time="0.001" classname="com.kirannn.Test1"/>
</testsuite> <!-- com.kirannn.Test1 -->
